2025-03-28 00:05:34 [SpringApplicationShutdownHook] INFO  o.s.o.j.LocalContainerEntityManagerFactoryBean -Closing JPA EntityManagerFactory for persistence unit 'default'
2025-03-28 00:05:34 [SpringApplicationShutdownHook] INFO  com.zaxxer.hikari.HikariDataSource -HikariPool-1 - Shutdown initiated...
2025-03-28 00:05:34 [SpringApplicationShutdownHook] INFO  com.zaxxer.hikari.HikariDataSource -HikariPool-1 - Shutdown completed.
2025-03-28 00:05:37 [background-preinit] INFO  o.h.validator.internal.util.Version -HV000001: Hibernate Validator 8.0.1.Final
2025-03-28 00:05:37 [main] INFO  c.e.project.SbEcomApplication -Starting SbEcomApplication using Java 17.0.14 with PID 62456 (/Users/sanidhyagupta/Downloads/Source code/Ecommerce-application-master/target/classes started by sanidhyagupta in /Users/sanidhyagupta/Downloads/Source code)
2025-03-28 00:05:37 [main] INFO  c.e.project.SbEcomApplication -No active profile set, falling back to 1 default profile: "default"
2025-03-28 00:05:38 [main] INFO  o.s.d.r.c.RepositoryConfigurationDelegate -Bootstrapping Spring Data JPA repositories in DEFAULT mode.
2025-03-28 00:05:38 [main] INFO  o.s.d.r.c.RepositoryConfigurationDelegate -Finished Spring Data repository scanning in 43 ms. Found 10 JPA repository interfaces.
2025-03-28 00:05:38 [main] INFO  o.s.b.w.e.tomcat.TomcatWebServer -Tomcat initialized with port 8080 (http)
2025-03-28 00:05:38 [main] INFO  o.a.coyote.http11.Http11NioProtocol -Initializing ProtocolHandler ["http-nio-8080"]
2025-03-28 00:05:38 [main] INFO  o.a.catalina.core.StandardService -Starting service [Tomcat]
2025-03-28 00:05:38 [main] INFO  o.a.catalina.core.StandardEngine -Starting Servlet engine: [Apache Tomcat/10.1.31]
2025-03-28 00:05:38 [main] INFO  o.a.c.c.C.[Tomcat].[localhost].[/] -Initializing Spring embedded WebApplicationContext
2025-03-28 00:05:38 [main] INFO  o.s.b.w.s.c.ServletWebServerApplicationContext -Root WebApplicationContext: initialization completed in 832 ms
2025-03-28 00:05:38 [main] INFO  o.h.jpa.internal.util.LogHelper -HHH000204: Processing PersistenceUnitInfo [name: default]
2025-03-28 00:05:38 [main] INFO  org.hibernate.Version -HHH000412: Hibernate ORM core version 6.5.3.Final
2025-03-28 00:05:38 [main] INFO  o.h.c.i.RegionFactoryInitiator -HHH000026: Second-level cache disabled
2025-03-28 00:05:38 [main] INFO  o.s.o.j.p.SpringPersistenceUnitInfo -No LoadTimeWeaver setup: ignoring JPA class transformer
2025-03-28 00:05:38 [main] INFO  com.zaxxer.hikari.HikariDataSource -HikariPool-1 - Starting...
2025-03-28 00:05:39 [main] INFO  com.zaxxer.hikari.pool.HikariPool -HikariPool-1 - Added connection com.mysql.cj.jdbc.ConnectionImpl@716ae973
2025-03-28 00:05:39 [main] INFO  com.zaxxer.hikari.HikariDataSource -HikariPool-1 - Start completed.
2025-03-28 00:05:39 [main] WARN  org.hibernate.orm.deprecation -HHH90000025: MySQLDialect does not need to be specified explicitly using 'hibernate.dialect' (remove the property setting and it will be selected by default)
2025-03-28 00:05:39 [main] INFO  o.h.e.t.j.p.i.JtaPlatformInitiator -HHH000489: No JTA platform available (set 'hibernate.transaction.jta.platform' to enable JTA platform integration)
2025-03-28 00:05:39 [main] INFO  o.s.o.j.LocalContainerEntityManagerFactoryBean -Initialized JPA EntityManagerFactory for persistence unit 'default'
2025-03-28 00:05:40 [main] INFO  o.s.s.c.a.a.c.InitializeAuthenticationProviderBeanManagerConfigurer$InitializeAuthenticationProviderManagerConfigurer -Global AuthenticationManager configured with AuthenticationProvider bean with name authenticationProvider
2025-03-28 00:05:40 [main] WARN  o.s.s.c.a.a.c.InitializeUserDetailsBeanManagerConfigurer$InitializeUserDetailsManagerConfigurer -Global AuthenticationManager configured with an AuthenticationProvider bean. UserDetailsService beans will not be used for username/password login. Consider removing the AuthenticationProvider bean. Alternatively, consider using the UserDetailsService in a manually instantiated DaoAuthenticationProvider.
2025-03-28 00:05:40 [main] INFO  o.s.d.j.r.query.QueryEnhancerFactory -Hibernate is in classpath; If applicable, HQL parser will be used.
2025-03-28 00:05:40 [main] WARN  o.s.b.a.o.j.JpaBaseConfiguration$JpaWebConfiguration -spring.jpa.open-in-view is enabled by default. Therefore, database queries may be performed during view rendering. Explicitly configure spring.jpa.open-in-view to disable this warning
2025-03-28 00:05:40 [main] WARN  o.s.s.c.a.web.builders.WebSecurity -You are asking Spring Security to ignore Deferred [Mvc [pattern='/configuration/ui'], Ant [pattern='/configuration/ui']]. This is not recommended -- please use permitAll via HttpSecurity#authorizeHttpRequests instead.
2025-03-28 00:05:40 [main] WARN  o.s.s.c.a.web.builders.WebSecurity -You are asking Spring Security to ignore Deferred [Mvc [pattern='/swagger-resources/**'], Ant [pattern='/swagger-resources/**']]. This is not recommended -- please use permitAll via HttpSecurity#authorizeHttpRequests instead.
2025-03-28 00:05:40 [main] WARN  o.s.s.c.a.web.builders.WebSecurity -You are asking Spring Security to ignore Deferred [Mvc [pattern='/configuration/security'], Ant [pattern='/configuration/security']]. This is not recommended -- please use permitAll via HttpSecurity#authorizeHttpRequests instead.
2025-03-28 00:05:40 [main] WARN  o.s.s.c.a.web.builders.WebSecurity -You are asking Spring Security to ignore Deferred [Mvc [pattern='/swagger-ui.html'], Ant [pattern='/swagger-ui.html']]. This is not recommended -- please use permitAll via HttpSecurity#authorizeHttpRequests instead.
2025-03-28 00:05:40 [main] WARN  o.s.s.c.a.web.builders.WebSecurity -You are asking Spring Security to ignore Deferred [Mvc [pattern='/webjars/**'], Ant [pattern='/webjars/**']]. This is not recommended -- please use permitAll via HttpSecurity#authorizeHttpRequests instead.
2025-03-28 00:05:40 [main] INFO  o.a.coyote.http11.Http11NioProtocol -Starting ProtocolHandler ["http-nio-8080"]
2025-03-28 00:05:40 [main] INFO  o.s.b.w.e.tomcat.TomcatWebServer -Tomcat started on port 8080 (http) with context path '/'
2025-03-28 00:05:40 [main] INFO  c.e.project.SbEcomApplication -Started SbEcomApplication in 2.924 seconds (process running for 3.173)
2025-03-28 00:09:40 [SpringApplicationShutdownHook] INFO  o.s.o.j.LocalContainerEntityManagerFactoryBean -Closing JPA EntityManagerFactory for persistence unit 'default'
2025-03-28 00:09:40 [SpringApplicationShutdownHook] INFO  com.zaxxer.hikari.HikariDataSource -HikariPool-1 - Shutdown initiated...
2025-03-28 00:09:40 [SpringApplicationShutdownHook] INFO  com.zaxxer.hikari.HikariDataSource -HikariPool-1 - Shutdown completed.
2025-03-28 00:09:41 [background-preinit] INFO  o.h.validator.internal.util.Version -HV000001: Hibernate Validator 8.0.1.Final
2025-03-28 00:09:41 [main] INFO  c.e.project.SbEcomApplication -Starting SbEcomApplication using Java 17.0.14 with PID 62517 (/Users/sanidhyagupta/Downloads/Source code/Ecommerce-application-master/target/classes started by sanidhyagupta in /Users/sanidhyagupta/Downloads/Source code)
2025-03-28 00:09:41 [main] INFO  c.e.project.SbEcomApplication -No active profile set, falling back to 1 default profile: "default"
2025-03-28 00:09:42 [main] INFO  o.s.d.r.c.RepositoryConfigurationDelegate -Bootstrapping Spring Data JPA repositories in DEFAULT mode.
2025-03-28 00:09:42 [main] INFO  o.s.d.r.c.RepositoryConfigurationDelegate -Finished Spring Data repository scanning in 35 ms. Found 10 JPA repository interfaces.
2025-03-28 00:09:42 [main] INFO  o.s.b.w.e.tomcat.TomcatWebServer -Tomcat initialized with port 8080 (http)
2025-03-28 00:09:42 [main] INFO  o.a.coyote.http11.Http11NioProtocol -Initializing ProtocolHandler ["http-nio-8080"]
2025-03-28 00:09:42 [main] INFO  o.a.catalina.core.StandardService -Starting service [Tomcat]
2025-03-28 00:09:42 [main] INFO  o.a.catalina.core.StandardEngine -Starting Servlet engine: [Apache Tomcat/10.1.31]
2025-03-28 00:09:42 [main] INFO  o.a.c.c.C.[Tomcat].[localhost].[/] -Initializing Spring embedded WebApplicationContext
2025-03-28 00:09:42 [main] INFO  o.s.b.w.s.c.ServletWebServerApplicationContext -Root WebApplicationContext: initialization completed in 704 ms
2025-03-28 00:09:42 [main] INFO  o.h.jpa.internal.util.LogHelper -HHH000204: Processing PersistenceUnitInfo [name: default]
2025-03-28 00:09:42 [main] INFO  org.hibernate.Version -HHH000412: Hibernate ORM core version 6.5.3.Final
2025-03-28 00:09:42 [main] INFO  o.h.c.i.RegionFactoryInitiator -HHH000026: Second-level cache disabled
2025-03-28 00:09:42 [main] INFO  o.s.o.j.p.SpringPersistenceUnitInfo -No LoadTimeWeaver setup: ignoring JPA class transformer
2025-03-28 00:09:42 [main] INFO  com.zaxxer.hikari.HikariDataSource -HikariPool-1 - Starting...
2025-03-28 00:09:42 [main] INFO  com.zaxxer.hikari.pool.HikariPool -HikariPool-1 - Added connection com.mysql.cj.jdbc.ConnectionImpl@f49e81a
2025-03-28 00:09:42 [main] INFO  com.zaxxer.hikari.HikariDataSource -HikariPool-1 - Start completed.
2025-03-28 00:09:42 [main] WARN  org.hibernate.orm.deprecation -HHH90000025: MySQLDialect does not need to be specified explicitly using 'hibernate.dialect' (remove the property setting and it will be selected by default)
2025-03-28 00:09:43 [main] INFO  o.h.e.t.j.p.i.JtaPlatformInitiator -HHH000489: No JTA platform available (set 'hibernate.transaction.jta.platform' to enable JTA platform integration)
2025-03-28 00:09:43 [main] INFO  o.s.o.j.LocalContainerEntityManagerFactoryBean -Initialized JPA EntityManagerFactory for persistence unit 'default'
2025-03-28 00:09:43 [main] INFO  o.s.s.c.a.a.c.InitializeAuthenticationProviderBeanManagerConfigurer$InitializeAuthenticationProviderManagerConfigurer -Global AuthenticationManager configured with AuthenticationProvider bean with name authenticationProvider
2025-03-28 00:09:43 [main] WARN  o.s.s.c.a.a.c.InitializeUserDetailsBeanManagerConfigurer$InitializeUserDetailsManagerConfigurer -Global AuthenticationManager configured with an AuthenticationProvider bean. UserDetailsService beans will not be used for username/password login. Consider removing the AuthenticationProvider bean. Alternatively, consider using the UserDetailsService in a manually instantiated DaoAuthenticationProvider.
2025-03-28 00:09:43 [main] INFO  o.s.d.j.r.query.QueryEnhancerFactory -Hibernate is in classpath; If applicable, HQL parser will be used.
2025-03-28 00:09:44 [main] WARN  o.s.b.a.o.j.JpaBaseConfiguration$JpaWebConfiguration -spring.jpa.open-in-view is enabled by default. Therefore, database queries may be performed during view rendering. Explicitly configure spring.jpa.open-in-view to disable this warning
2025-03-28 00:09:44 [main] WARN  o.s.s.c.a.web.builders.WebSecurity -You are asking Spring Security to ignore Deferred [Mvc [pattern='/configuration/ui'], Ant [pattern='/configuration/ui']]. This is not recommended -- please use permitAll via HttpSecurity#authorizeHttpRequests instead.
2025-03-28 00:09:44 [main] WARN  o.s.s.c.a.web.builders.WebSecurity -You are asking Spring Security to ignore Deferred [Mvc [pattern='/swagger-resources/**'], Ant [pattern='/swagger-resources/**']]. This is not recommended -- please use permitAll via HttpSecurity#authorizeHttpRequests instead.
2025-03-28 00:09:44 [main] WARN  o.s.s.c.a.web.builders.WebSecurity -You are asking Spring Security to ignore Deferred [Mvc [pattern='/configuration/security'], Ant [pattern='/configuration/security']]. This is not recommended -- please use permitAll via HttpSecurity#authorizeHttpRequests instead.
2025-03-28 00:09:44 [main] WARN  o.s.s.c.a.web.builders.WebSecurity -You are asking Spring Security to ignore Deferred [Mvc [pattern='/swagger-ui.html'], Ant [pattern='/swagger-ui.html']]. This is not recommended -- please use permitAll via HttpSecurity#authorizeHttpRequests instead.
2025-03-28 00:09:44 [main] WARN  o.s.s.c.a.web.builders.WebSecurity -You are asking Spring Security to ignore Deferred [Mvc [pattern='/webjars/**'], Ant [pattern='/webjars/**']]. This is not recommended -- please use permitAll via HttpSecurity#authorizeHttpRequests instead.
2025-03-28 00:09:44 [main] INFO  o.a.coyote.http11.Http11NioProtocol -Starting ProtocolHandler ["http-nio-8080"]
2025-03-28 00:09:44 [main] INFO  o.s.b.w.e.tomcat.TomcatWebServer -Tomcat started on port 8080 (http) with context path '/'
2025-03-28 00:09:44 [main] INFO  c.e.project.SbEcomApplication -Started SbEcomApplication in 3.031 seconds (process running for 3.286)
2025-03-28 00:45:39 [http-nio-8080-exec-2] INFO  o.a.c.c.C.[Tomcat].[localhost].[/] -Initializing Spring DispatcherServlet 'dispatcherServlet'
2025-03-28 00:45:39 [http-nio-8080-exec-2] INFO  o.s.web.servlet.DispatcherServlet -Initializing Servlet 'dispatcherServlet'
2025-03-28 00:45:39 [http-nio-8080-exec-2] INFO  o.s.web.servlet.DispatcherServlet -Completed initialization in 68 ms
2025-03-28 00:45:54 [http-nio-8080-exec-4] INFO  c.e.p.controller.AuthController -User attempting to log in : johndoe
2025-03-28 00:56:54 [http-nio-8080-exec-6] WARN  o.s.w.s.m.s.DefaultHandlerExceptionResolver -Resolved [org.springframework.web.HttpRequestMethodNotSupportedException: Request method 'GET' is not supported]
2025-03-28 00:56:54 [http-nio-8080-exec-6] ERROR c.e.p.security.jwt.AuthEntryPointJwt -Unauthorized error : Full authentication is required to access this resource
2025-03-28 00:56:54 [http-nio-8080-exec-7] ERROR c.e.p.security.jwt.AuthEntryPointJwt -Unauthorized error : Full authentication is required to access this resource
2025-03-28 00:56:59 [http-nio-8080-exec-10] ERROR c.e.p.security.jwt.AuthEntryPointJwt -Unauthorized error : Full authentication is required to access this resource
2025-03-28 00:56:59 [http-nio-8080-exec-1] ERROR c.e.p.security.jwt.AuthEntryPointJwt -Unauthorized error : Full authentication is required to access this resource
2025-03-28 01:00:30 [http-nio-8080-exec-4] ERROR c.e.p.security.jwt.AuthEntryPointJwt -Unauthorized error : Full authentication is required to access this resource
2025-03-28 01:00:30 [http-nio-8080-exec-7] ERROR c.e.p.security.jwt.AuthEntryPointJwt -Unauthorized error : Full authentication is required to access this resource
2025-03-28 01:07:50 [http-nio-8080-exec-8] ERROR c.e.p.security.jwt.AuthEntryPointJwt -Unauthorized error : Full authentication is required to access this resource
2025-03-28 01:07:50 [http-nio-8080-exec-10] ERROR c.e.p.security.jwt.AuthEntryPointJwt -Unauthorized error : Full authentication is required to access this resource
