2525-03-23  13:16:26 = INFO -c.e.project.SbEcomApplication -Starting SbEcomApplication using Java 21.0.5 with PID 15964 (D:\Sprin Com\Ecommerce-application-master\target\classes started by Sidarth in D:\Sprin Com\Ecommerce-application-master)
2525-03-23  13:16:26 = INFO -c.e.project.SbEcomApplication -No active profile set, falling back to 1 default profile: "default"
2525-03-23  13:16:28 = INFO -o.s.d.r.c.RepositoryConfigurationDelegate -Bootstrapping Spring Data JPA repositories in DEFAULT mode.
2525-03-23  13:16:28 = INFO -o.s.d.r.c.RepositoryConfigurationDelegate -Finished Spring Data repository scanning in 248 ms. Found 10 JPA repository interfaces.
2525-03-23  13:16:30 = INFO -o.s.b.w.e.tomcat.TomcatWebServer -Tomcat initialized with port 8080 (http)
2525-03-23  13:16:30 = INFO -o.a.catalina.core.StandardService -Starting service [Tomcat]
2525-03-23  13:16:30 = INFO -o.a.catalina.core.StandardEngine -Starting Servlet engine: [Apache Tomcat/10.1.31]
2525-03-23  13:16:30 = INFO -o.a.c.c.C.[Tomcat].[localhost].[/] -Initializing Spring embedded WebApplicationContext
2525-03-23  13:16:30 = INFO -o.s.b.w.s.c.ServletWebServerApplicationContext -Root WebApplicationContext: initialization completed in 3337 ms
2525-03-23  13:16:30 = INFO -o.h.jpa.internal.util.LogHelper -HHH000204: Processing PersistenceUnitInfo [name: default]
2525-03-23  13:16:30 = INFO -org.hibernate.Version -HHH000412: Hibernate ORM core version 6.5.3.Final
2525-03-23  13:16:30 = INFO -o.h.c.i.RegionFactoryInitiator -HHH000026: Second-level cache disabled
2525-03-23  13:16:31 = INFO -o.s.o.j.p.SpringPersistenceUnitInfo -No LoadTimeWeaver setup: ignoring JPA class transformer
2525-03-23  13:16:31 = INFO -com.zaxxer.hikari.HikariDataSource -HikariPool-1 - Starting...
2525-03-23  13:16:32 = INFO -com.zaxxer.hikari.pool.HikariPool -HikariPool-1 - Added connection com.mysql.cj.jdbc.ConnectionImpl@336e3be2
2525-03-23  13:16:32 = INFO -com.zaxxer.hikari.HikariDataSource -HikariPool-1 - Start completed.
2525-03-23  13:16:32 = WARN -org.hibernate.orm.deprecation -HHH90000025: MySQLDialect does not need to be specified explicitly using 'hibernate.dialect' (remove the property setting and it will be selected by default)
2525-03-23  13:16:34 = INFO -o.h.e.t.j.p.i.JtaPlatformInitiator -HHH000489: No JTA platform available (set 'hibernate.transaction.jta.platform' to enable JTA platform integration)
2525-03-23  13:16:34 = INFO -o.s.o.j.LocalContainerEntityManagerFactoryBean -Initialized JPA EntityManagerFactory for persistence unit 'default'
2525-03-23  13:16:35 = INFO -o.s.s.c.a.a.c.InitializeAuthenticationProviderBeanManagerConfigurer$InitializeAuthenticationProviderManagerConfigurer -Global AuthenticationManager configured with AuthenticationProvider bean with name authenticationProvider
2525-03-23  13:16:35 = WARN -o.s.s.c.a.a.c.InitializeUserDetailsBeanManagerConfigurer$InitializeUserDetailsManagerConfigurer -Global AuthenticationManager configured with an AuthenticationProvider bean. UserDetailsService beans will not be used for username/password login. Consider removing the AuthenticationProvider bean. Alternatively, consider using the UserDetailsService in a manually instantiated DaoAuthenticationProvider.
2525-03-23  13:16:35 = INFO -o.s.d.j.r.query.QueryEnhancerFactory -Hibernate is in classpath; If applicable, HQL parser will be used.
2525-03-23  13:16:36 = WARN -o.s.b.a.o.j.JpaBaseConfiguration$JpaWebConfiguration -spring.jpa.open-in-view is enabled by default. Therefore, database queries may be performed during view rendering. Explicitly configure spring.jpa.open-in-view to disable this warning
2525-03-23  13:16:37 = WARN -o.s.s.c.a.web.builders.WebSecurity -You are asking Spring Security to ignore Deferred [Mvc [pattern='/configuration/ui'], Ant [pattern='/configuration/ui']]. This is not recommended -- please use permitAll via HttpSecurity#authorizeHttpRequests instead.
2525-03-23  13:16:37 = WARN -o.s.s.c.a.web.builders.WebSecurity -You are asking Spring Security to ignore Deferred [Mvc [pattern='/swagger-resources/**'], Ant [pattern='/swagger-resources/**']]. This is not recommended -- please use permitAll via HttpSecurity#authorizeHttpRequests instead.
2525-03-23  13:16:37 = WARN -o.s.s.c.a.web.builders.WebSecurity -You are asking Spring Security to ignore Deferred [Mvc [pattern='/configuration/security'], Ant [pattern='/configuration/security']]. This is not recommended -- please use permitAll via HttpSecurity#authorizeHttpRequests instead.
2525-03-23  13:16:37 = WARN -o.s.s.c.a.web.builders.WebSecurity -You are asking Spring Security to ignore Deferred [Mvc [pattern='/swagger-ui.html'], Ant [pattern='/swagger-ui.html']]. This is not recommended -- please use permitAll via HttpSecurity#authorizeHttpRequests instead.
2525-03-23  13:16:37 = WARN -o.s.s.c.a.web.builders.WebSecurity -You are asking Spring Security to ignore Deferred [Mvc [pattern='/webjars/**'], Ant [pattern='/webjars/**']]. This is not recommended -- please use permitAll via HttpSecurity#authorizeHttpRequests instead.
2525-03-23  13:16:38 = INFO -o.s.b.w.e.tomcat.TomcatWebServer -Tomcat started on port 8080 (http) with context path '/'
2525-03-23  13:16:38 = INFO -c.e.project.SbEcomApplication -Started SbEcomApplication in 12.17 seconds (process running for 13.11)
2525-03-23  13:17:52 = INFO -o.a.c.c.C.[Tomcat].[localhost].[/] -Initializing Spring DispatcherServlet 'dispatcherServlet'
2525-03-23  13:17:52 = INFO -o.s.web.servlet.DispatcherServlet -Initializing Servlet 'dispatcherServlet'
2525-03-23  13:17:52 = INFO -o.s.web.servlet.DispatcherServlet -Completed initialization in 2 ms
2525-03-23  13:17:52 = INFO -c.e.p.controller.ProductController -Request received : Fetching all the products 
2525-03-23  13:17:52 = INFO -c.e.p.service.ProductServiceImpl -Fetching all the products from database
2525-03-23  13:17:52 = INFO -c.e.p.service.ProductServiceImpl -Total products retrieved : 2
2525-03-23  13:17:52 = INFO -c.e.p.controller.ProductController - Returning products - ProductResponse(content=[ProductDTO(productId=1, productName=My Admin product, image=default.png, description=Good camera, quantity=5, price=70000.0, discount=0.0, specialPrice=70000.0), ProductDTO(productId=2, productName=My new product, image=default.png, description=Good camera, quantity=5, price=70000.0, discount=0.0, specialPrice=70000.0)], pageNumber=0, pageSize=50, totalElements=2, totalPages=1, lastPage=true)
2525-03-23  13:20:20 = INFO -c.e.p.controller.CategoryController -Fetching all the categories
2525-03-23  13:20:20 = INFO -c.e.p.service.CategoryServiceImpl -Total categories retrieved from database : 1
2525-03-23  13:21:34 = INFO -o.s.o.j.LocalContainerEntityManagerFactoryBean -Closing JPA EntityManagerFactory for persistence unit 'default'
2525-03-23  13:21:34 = INFO -com.zaxxer.hikari.HikariDataSource -HikariPool-1 - Shutdown initiated...
2525-03-23  13:21:35 = INFO -com.zaxxer.hikari.HikariDataSource -HikariPool-1 - Shutdown completed.
2525-03-23  13:21:43 = INFO -c.e.project.SbEcomApplication -Starting SbEcomApplication using Java 21.0.5 with PID 19008 (D:\Sprin Com\Ecommerce-application-master\target\classes started by Sidarth in D:\Sprin Com\Ecommerce-application-master)
2525-03-23  13:21:43 = INFO -c.e.project.SbEcomApplication -No active profile set, falling back to 1 default profile: "default"
2525-03-23  13:21:45 = INFO -o.s.d.r.c.RepositoryConfigurationDelegate -Bootstrapping Spring Data JPA repositories in DEFAULT mode.
2525-03-23  13:21:45 = INFO -o.s.d.r.c.RepositoryConfigurationDelegate -Finished Spring Data repository scanning in 224 ms. Found 10 JPA repository interfaces.
2525-03-23  13:21:47 = INFO -o.s.b.w.e.tomcat.TomcatWebServer -Tomcat initialized with port 8080 (http)
2525-03-23  13:21:47 = INFO -o.a.catalina.core.StandardService -Starting service [Tomcat]
2525-03-23  13:21:47 = INFO -o.a.catalina.core.StandardEngine -Starting Servlet engine: [Apache Tomcat/10.1.31]
2525-03-23  13:21:47 = INFO -o.a.c.c.C.[Tomcat].[localhost].[/] -Initializing Spring embedded WebApplicationContext
2525-03-23  13:21:47 = INFO -o.s.b.w.s.c.ServletWebServerApplicationContext -Root WebApplicationContext: initialization completed in 3720 ms
2525-03-23  13:21:47 = INFO -o.h.jpa.internal.util.LogHelper -HHH000204: Processing PersistenceUnitInfo [name: default]
2525-03-23  13:21:47 = INFO -org.hibernate.Version -HHH000412: Hibernate ORM core version 6.5.3.Final
2525-03-23  13:21:47 = INFO -o.h.c.i.RegionFactoryInitiator -HHH000026: Second-level cache disabled
2525-03-23  13:21:48 = INFO -o.s.o.j.p.SpringPersistenceUnitInfo -No LoadTimeWeaver setup: ignoring JPA class transformer
2525-03-23  13:21:48 = INFO -com.zaxxer.hikari.HikariDataSource -HikariPool-1 - Starting...
2525-03-23  13:21:49 = INFO -com.zaxxer.hikari.pool.HikariPool -HikariPool-1 - Added connection com.mysql.cj.jdbc.ConnectionImpl@51a719e7
2525-03-23  13:21:49 = INFO -com.zaxxer.hikari.HikariDataSource -HikariPool-1 - Start completed.
2525-03-23  13:21:49 = WARN -org.hibernate.orm.deprecation -HHH90000025: MySQLDialect does not need to be specified explicitly using 'hibernate.dialect' (remove the property setting and it will be selected by default)
2525-03-23  13:21:52 = INFO -o.h.e.t.j.p.i.JtaPlatformInitiator -HHH000489: No JTA platform available (set 'hibernate.transaction.jta.platform' to enable JTA platform integration)
2525-03-23  13:21:52 = INFO -o.s.o.j.LocalContainerEntityManagerFactoryBean -Initialized JPA EntityManagerFactory for persistence unit 'default'
2525-03-23  13:21:53 = INFO -o.s.s.c.a.a.c.InitializeAuthenticationProviderBeanManagerConfigurer$InitializeAuthenticationProviderManagerConfigurer -Global AuthenticationManager configured with AuthenticationProvider bean with name authenticationProvider
2525-03-23  13:21:53 = WARN -o.s.s.c.a.a.c.InitializeUserDetailsBeanManagerConfigurer$InitializeUserDetailsManagerConfigurer -Global AuthenticationManager configured with an AuthenticationProvider bean. UserDetailsService beans will not be used for username/password login. Consider removing the AuthenticationProvider bean. Alternatively, consider using the UserDetailsService in a manually instantiated DaoAuthenticationProvider.
2525-03-23  13:21:53 = INFO -o.s.d.j.r.query.QueryEnhancerFactory -Hibernate is in classpath; If applicable, HQL parser will be used.
2525-03-23  13:21:54 = WARN -o.s.b.a.o.j.JpaBaseConfiguration$JpaWebConfiguration -spring.jpa.open-in-view is enabled by default. Therefore, database queries may be performed during view rendering. Explicitly configure spring.jpa.open-in-view to disable this warning
2525-03-23  13:21:55 = WARN -o.s.s.c.a.web.builders.WebSecurity -You are asking Spring Security to ignore Deferred [Mvc [pattern='/configuration/ui'], Ant [pattern='/configuration/ui']]. This is not recommended -- please use permitAll via HttpSecurity#authorizeHttpRequests instead.
2525-03-23  13:21:55 = WARN -o.s.s.c.a.web.builders.WebSecurity -You are asking Spring Security to ignore Deferred [Mvc [pattern='/swagger-resources/**'], Ant [pattern='/swagger-resources/**']]. This is not recommended -- please use permitAll via HttpSecurity#authorizeHttpRequests instead.
2525-03-23  13:21:55 = WARN -o.s.s.c.a.web.builders.WebSecurity -You are asking Spring Security to ignore Deferred [Mvc [pattern='/configuration/security'], Ant [pattern='/configuration/security']]. This is not recommended -- please use permitAll via HttpSecurity#authorizeHttpRequests instead.
2525-03-23  13:21:55 = WARN -o.s.s.c.a.web.builders.WebSecurity -You are asking Spring Security to ignore Deferred [Mvc [pattern='/swagger-ui.html'], Ant [pattern='/swagger-ui.html']]. This is not recommended -- please use permitAll via HttpSecurity#authorizeHttpRequests instead.
2525-03-23  13:21:55 = WARN -o.s.s.c.a.web.builders.WebSecurity -You are asking Spring Security to ignore Deferred [Mvc [pattern='/webjars/**'], Ant [pattern='/webjars/**']]. This is not recommended -- please use permitAll via HttpSecurity#authorizeHttpRequests instead.
2525-03-23  13:21:55 = INFO -o.s.b.w.e.tomcat.TomcatWebServer -Tomcat started on port 8080 (http) with context path '/'
2525-03-23  13:21:55 = INFO -c.e.project.SbEcomApplication -Started SbEcomApplication in 13.5 seconds (process running for 14.382)
2525-03-23  13:22:11 = INFO -o.a.c.c.C.[Tomcat].[localhost].[/] -Initializing Spring DispatcherServlet 'dispatcherServlet'
2525-03-23  13:22:11 = INFO -o.s.web.servlet.DispatcherServlet -Initializing Servlet 'dispatcherServlet'
2525-03-23  13:22:11 = INFO -o.s.web.servlet.DispatcherServlet -Completed initialization in 2 ms
2525-03-23  13:22:11 = ERROR -c.e.p.security.jwt.AuthEntryPointJwt -Unauthorized error : Full authentication is required to access this resource
2525-03-23  13:22:44 = INFO -o.s.o.j.LocalContainerEntityManagerFactoryBean -Closing JPA EntityManagerFactory for persistence unit 'default'
2525-03-23  13:22:44 = INFO -com.zaxxer.hikari.HikariDataSource -HikariPool-1 - Shutdown initiated...
2525-03-23  13:22:45 = INFO -com.zaxxer.hikari.HikariDataSource -HikariPool-1 - Shutdown completed.
2525-03-23 13:24:42 - INFO -c.e.project.SbEcomApplication -Starting SbEcomApplication using Java 21.0.5 with PID 13776 (D:\Sprin Com\Ecommerce-application-master\target\classes started by Sidarth in D:\Sprin Com\Ecommerce-application-master)
2525-03-23 13:24:42 - INFO -c.e.project.SbEcomApplication -No active profile set, falling back to 1 default profile: "default"
2525-03-23 13:24:44 - INFO -o.s.d.r.c.RepositoryConfigurationDelegate -Bootstrapping Spring Data JPA repositories in DEFAULT mode.
2525-03-23 13:24:44 - INFO -o.s.d.r.c.RepositoryConfigurationDelegate -Finished Spring Data repository scanning in 191 ms. Found 10 JPA repository interfaces.
2525-03-23 13:24:45 - INFO -o.s.b.w.e.tomcat.TomcatWebServer -Tomcat initialized with port 8080 (http)
2525-03-23 13:24:45 - INFO -o.a.catalina.core.StandardService -Starting service [Tomcat]
2525-03-23 13:24:45 - INFO -o.a.catalina.core.StandardEngine -Starting Servlet engine: [Apache Tomcat/10.1.31]
2525-03-23 13:24:45 - INFO -o.a.c.c.C.[Tomcat].[localhost].[/] -Initializing Spring embedded WebApplicationContext
2525-03-23 13:24:45 - INFO -o.s.b.w.s.c.ServletWebServerApplicationContext -Root WebApplicationContext: initialization completed in 3493 ms
2525-03-23 13:24:46 - INFO -o.h.jpa.internal.util.LogHelper -HHH000204: Processing PersistenceUnitInfo [name: default]
2525-03-23 13:24:46 - INFO -org.hibernate.Version -HHH000412: Hibernate ORM core version 6.5.3.Final
2525-03-23 13:24:46 - INFO -o.h.c.i.RegionFactoryInitiator -HHH000026: Second-level cache disabled
2525-03-23 13:24:47 - INFO -o.s.o.j.p.SpringPersistenceUnitInfo -No LoadTimeWeaver setup: ignoring JPA class transformer
2525-03-23 13:24:47 - INFO -com.zaxxer.hikari.HikariDataSource -HikariPool-1 - Starting...
2525-03-23 13:24:47 - INFO -com.zaxxer.hikari.pool.HikariPool -HikariPool-1 - Added connection com.mysql.cj.jdbc.ConnectionImpl@5fe5c68b
2525-03-23 13:24:47 - INFO -com.zaxxer.hikari.HikariDataSource -HikariPool-1 - Start completed.
2525-03-23 13:24:47 - WARN -org.hibernate.orm.deprecation -HHH90000025: MySQLDialect does not need to be specified explicitly using 'hibernate.dialect' (remove the property setting and it will be selected by default)
2525-03-23 13:24:50 - INFO -o.h.e.t.j.p.i.JtaPlatformInitiator -HHH000489: No JTA platform available (set 'hibernate.transaction.jta.platform' to enable JTA platform integration)
2525-03-23 13:24:50 - INFO -o.s.o.j.LocalContainerEntityManagerFactoryBean -Initialized JPA EntityManagerFactory for persistence unit 'default'
2525-03-23 13:24:51 - INFO -o.s.s.c.a.a.c.InitializeAuthenticationProviderBeanManagerConfigurer$InitializeAuthenticationProviderManagerConfigurer -Global AuthenticationManager configured with AuthenticationProvider bean with name authenticationProvider
2525-03-23 13:24:51 - WARN -o.s.s.c.a.a.c.InitializeUserDetailsBeanManagerConfigurer$InitializeUserDetailsManagerConfigurer -Global AuthenticationManager configured with an AuthenticationProvider bean. UserDetailsService beans will not be used for username/password login. Consider removing the AuthenticationProvider bean. Alternatively, consider using the UserDetailsService in a manually instantiated DaoAuthenticationProvider.
2525-03-23 13:24:51 - INFO -o.s.d.j.r.query.QueryEnhancerFactory -Hibernate is in classpath; If applicable, HQL parser will be used.
2525-03-23 13:24:52 - WARN -o.s.b.a.o.j.JpaBaseConfiguration$JpaWebConfiguration -spring.jpa.open-in-view is enabled by default. Therefore, database queries may be performed during view rendering. Explicitly configure spring.jpa.open-in-view to disable this warning
2525-03-23 13:24:53 - WARN -o.s.s.c.a.web.builders.WebSecurity -You are asking Spring Security to ignore Deferred [Mvc [pattern='/configuration/ui'], Ant [pattern='/configuration/ui']]. This is not recommended -- please use permitAll via HttpSecurity#authorizeHttpRequests instead.
2525-03-23 13:24:53 - WARN -o.s.s.c.a.web.builders.WebSecurity -You are asking Spring Security to ignore Deferred [Mvc [pattern='/swagger-resources/**'], Ant [pattern='/swagger-resources/**']]. This is not recommended -- please use permitAll via HttpSecurity#authorizeHttpRequests instead.
2525-03-23 13:24:53 - WARN -o.s.s.c.a.web.builders.WebSecurity -You are asking Spring Security to ignore Deferred [Mvc [pattern='/configuration/security'], Ant [pattern='/configuration/security']]. This is not recommended -- please use permitAll via HttpSecurity#authorizeHttpRequests instead.
2525-03-23 13:24:53 - WARN -o.s.s.c.a.web.builders.WebSecurity -You are asking Spring Security to ignore Deferred [Mvc [pattern='/swagger-ui.html'], Ant [pattern='/swagger-ui.html']]. This is not recommended -- please use permitAll via HttpSecurity#authorizeHttpRequests instead.
2525-03-23 13:24:53 - WARN -o.s.s.c.a.web.builders.WebSecurity -You are asking Spring Security to ignore Deferred [Mvc [pattern='/webjars/**'], Ant [pattern='/webjars/**']]. This is not recommended -- please use permitAll via HttpSecurity#authorizeHttpRequests instead.
2525-03-23 13:24:53 - INFO -o.s.b.w.e.tomcat.TomcatWebServer -Tomcat started on port 8080 (http) with context path '/'
2525-03-23 13:24:53 - INFO -c.e.project.SbEcomApplication -Started SbEcomApplication in 12.347 seconds (process running for 13.182)
2525-03-23 13:30:26 - INFO -o.s.o.j.LocalContainerEntityManagerFactoryBean -Closing JPA EntityManagerFactory for persistence unit 'default'
2525-03-23 13:30:26 - INFO -com.zaxxer.hikari.HikariDataSource -HikariPool-1 - Shutdown initiated...
2525-03-23 13:30:26 - INFO -com.zaxxer.hikari.HikariDataSource -HikariPool-1 - Shutdown completed.
